<?xml version="1.0" encoding="utf-8" ?>
<!DOCTYPE html PUBLIC "-//W3C//DTD XHTML 1.0 Strict//EN"
        "http://www.w3.org/TR/xhtml1/DTD/xhtml1-strict.dtd">
<html xmlns="http://www.w3.org/1999/xhtml" xml:lang="" lang="">
<head>
  <title>Test Results Report - 微买单接口测试 - 钱包页面</title>
  <meta http-equiv="Content-Type" content="text/html;charset=utf-8" />
  <meta name="description" content="TestNG unit test results." />
  <link href="reportng.css" rel="stylesheet" type="text/css" />
    <script type="text/javascript" src="reportng.js"></script>
</head>
<body>
<h1>微买单接口测试 - 钱包页面</h1>
<p>
  Test duration: 36.960s
</p>



  <table class="resultsTable">
    <tr><th colspan="3" class="header failed">Failed Tests</th></tr>
          <tr>
        <td colspan="3" class="group">main.testcase.Wallet.Withdraw</td>
      </tr>
            
<tr>
  <td class="method">
                  withdraw
      </td>
  <td class="duration">
    0.864s
  </td>
  <td class="result">
        
          <i>Method arguments: </i><span class="arguments">"11c8f677-9fe0-4fc8-b895-76e4b86e5dd9", "汤涛", "123123456632123000", "中国工商银行", "杭州滨江支行杭州滨江支行杭州滨江支行杭州滨江支行杭州滨江支行杭州滨江支行杭州滨江支行杭州滨江支行杭州滨江支行", "1.52", "32005beb6cc4314fe07aa6b0c9208f99", "N", "601", "支行名称长度超标"</span><br />
    
        

        <a href="javascript:toggleElement('exception-0', 'block')" title="Click to expand/collapse"><b>java.lang.AssertionError: expected [601] but found [10509]</b></a><br />
    <div class="stackTrace" id="exception-0">
              org.testng.Assert.fail(Assert.java:94)<br />
              org.testng.Assert.failNotEquals(Assert.java:513)<br />
              org.testng.Assert.assertEqualsImpl(Assert.java:135)<br />
              org.testng.Assert.assertEquals(Assert.java:116)<br />
              org.testng.Assert.assertEquals(Assert.java:389)<br />
              org.testng.Assert.assertEquals(Assert.java:399)<br />
              main.testcase.Wallet.Withdraw.withdraw(Withdraw.java:89)<br />
              sun.reflect.GeneratedMethodAccessor2.invoke(Unknown Source)<br />
              sun.reflect.DelegatingMethodAccessorImpl.invoke(DelegatingMethodAccessorImpl.java:43)<br />
              java.lang.reflect.Method.invoke(Method.java:606)<br />
              org.testng.internal.MethodInvocationHelper.invokeMethod(MethodInvocationHelper.java:86)<br />
              org.testng.internal.Invoker.invokeMethod(Invoker.java:643)<br />
              org.testng.internal.Invoker.invokeTestMethod(Invoker.java:820)<br />
              org.testng.internal.Invoker.invokeTestMethods(Invoker.java:1128)<br />
              org.testng.internal.TestMethodWorker.invokeTestMethods(TestMethodWorker.java:129)<br />
              org.testng.internal.TestMethodWorker.run(TestMethodWorker.java:112)<br />
              org.testng.TestRunner.privateRun(TestRunner.java:782)<br />
              org.testng.TestRunner.run(TestRunner.java:632)<br />
              org.testng.SuiteRunner.runTest(SuiteRunner.java:366)<br />
              org.testng.SuiteRunner.runSequentially(SuiteRunner.java:361)<br />
              org.testng.SuiteRunner.privateRun(SuiteRunner.java:319)<br />
              org.testng.SuiteRunner.run(SuiteRunner.java:268)<br />
              org.testng.SuiteRunnerWorker.runSuite(SuiteRunnerWorker.java:52)<br />
              org.testng.SuiteRunnerWorker.run(SuiteRunnerWorker.java:86)<br />
              org.testng.TestNG.runSuitesSequentially(TestNG.java:1244)<br />
              org.testng.TestNG.runSuitesLocally(TestNG.java:1169)<br />
              org.testng.TestNG.run(TestNG.java:1064)<br />
              org.apache.maven.surefire.testng.TestNGExecutor.run(TestNGExecutor.java:74)<br />
              org.apache.maven.surefire.testng.TestNGXmlTestSuite.execute(TestNGXmlTestSuite.java:92)<br />
              org.apache.maven.surefire.Surefire.run(Surefire.java:180)<br />
              sun.reflect.NativeMethodAccessorImpl.invoke0(Native Method)<br />
              sun.reflect.NativeMethodAccessorImpl.invoke(NativeMethodAccessorImpl.java:57)<br />
              sun.reflect.DelegatingMethodAccessorImpl.invoke(DelegatingMethodAccessorImpl.java:43)<br />
              java.lang.reflect.Method.invoke(Method.java:606)<br />
              org.apache.maven.surefire.booter.SurefireBooter.runSuitesInProcess(SurefireBooter.java:350)<br />
              org.apache.maven.surefire.booter.SurefireBooter.main(SurefireBooter.java:1021)<br />
                </div>
      </td>
</tr>
<tr>
  <td class="method">
                  withdraw
      </td>
  <td class="duration">
    0.945s
  </td>
  <td class="result">
        
          <i>Method arguments: </i><span class="arguments">"11c8f677-9fe0-4fc8-b895-76e4b86e5dd9", "汤涛", "123123456632123000", "中国工商银行", "空", "1.52", "32005beb6cc4314fe07aa6b0c9208f99", "N", "601", "支行不能为空"</span><br />
    
        

        <a href="javascript:toggleElement('exception-1', 'block')" title="Click to expand/collapse"><b>java.lang.AssertionError: expected [601] but found [10509]</b></a><br />
    <div class="stackTrace" id="exception-1">
              org.testng.Assert.fail(Assert.java:94)<br />
              org.testng.Assert.failNotEquals(Assert.java:513)<br />
              org.testng.Assert.assertEqualsImpl(Assert.java:135)<br />
              org.testng.Assert.assertEquals(Assert.java:116)<br />
              org.testng.Assert.assertEquals(Assert.java:389)<br />
              org.testng.Assert.assertEquals(Assert.java:399)<br />
              main.testcase.Wallet.Withdraw.withdraw(Withdraw.java:89)<br />
              sun.reflect.NativeMethodAccessorImpl.invoke0(Native Method)<br />
              sun.reflect.NativeMethodAccessorImpl.invoke(NativeMethodAccessorImpl.java:57)<br />
              sun.reflect.DelegatingMethodAccessorImpl.invoke(DelegatingMethodAccessorImpl.java:43)<br />
              java.lang.reflect.Method.invoke(Method.java:606)<br />
              org.testng.internal.MethodInvocationHelper.invokeMethod(MethodInvocationHelper.java:86)<br />
              org.testng.internal.Invoker.invokeMethod(Invoker.java:643)<br />
              org.testng.internal.Invoker.invokeTestMethod(Invoker.java:820)<br />
              org.testng.internal.Invoker.invokeTestMethods(Invoker.java:1128)<br />
              org.testng.internal.TestMethodWorker.invokeTestMethods(TestMethodWorker.java:129)<br />
              org.testng.internal.TestMethodWorker.run(TestMethodWorker.java:112)<br />
              org.testng.TestRunner.privateRun(TestRunner.java:782)<br />
              org.testng.TestRunner.run(TestRunner.java:632)<br />
              org.testng.SuiteRunner.runTest(SuiteRunner.java:366)<br />
              org.testng.SuiteRunner.runSequentially(SuiteRunner.java:361)<br />
              org.testng.SuiteRunner.privateRun(SuiteRunner.java:319)<br />
              org.testng.SuiteRunner.run(SuiteRunner.java:268)<br />
              org.testng.SuiteRunnerWorker.runSuite(SuiteRunnerWorker.java:52)<br />
              org.testng.SuiteRunnerWorker.run(SuiteRunnerWorker.java:86)<br />
              org.testng.TestNG.runSuitesSequentially(TestNG.java:1244)<br />
              org.testng.TestNG.runSuitesLocally(TestNG.java:1169)<br />
              org.testng.TestNG.run(TestNG.java:1064)<br />
              org.apache.maven.surefire.testng.TestNGExecutor.run(TestNGExecutor.java:74)<br />
              org.apache.maven.surefire.testng.TestNGXmlTestSuite.execute(TestNGXmlTestSuite.java:92)<br />
              org.apache.maven.surefire.Surefire.run(Surefire.java:180)<br />
              sun.reflect.NativeMethodAccessorImpl.invoke0(Native Method)<br />
              sun.reflect.NativeMethodAccessorImpl.invoke(NativeMethodAccessorImpl.java:57)<br />
              sun.reflect.DelegatingMethodAccessorImpl.invoke(DelegatingMethodAccessorImpl.java:43)<br />
              java.lang.reflect.Method.invoke(Method.java:606)<br />
              org.apache.maven.surefire.booter.SurefireBooter.runSuitesInProcess(SurefireBooter.java:350)<br />
              org.apache.maven.surefire.booter.SurefireBooter.main(SurefireBooter.java:1021)<br />
                </div>
      </td>
</tr>
<tr>
  <td class="method">
                  withdraw
      </td>
  <td class="duration">
    0.805s
  </td>
  <td class="result">
        
          <i>Method arguments: </i><span class="arguments">"11c8f677-9fe0-4fc8-b895-76e4b86e5dd9", "空", "123123456632123000", "中国工商银行", "杭州滨江支行", "1.52", "32005beb6cc4314fe07aa6b0c9208f99", "N", "601", "收款人不能为空"</span><br />
    
        

        <a href="javascript:toggleElement('exception-2', 'block')" title="Click to expand/collapse"><b>java.lang.AssertionError: expected [601] but found [10509]</b></a><br />
    <div class="stackTrace" id="exception-2">
              org.testng.Assert.fail(Assert.java:94)<br />
              org.testng.Assert.failNotEquals(Assert.java:513)<br />
              org.testng.Assert.assertEqualsImpl(Assert.java:135)<br />
              org.testng.Assert.assertEquals(Assert.java:116)<br />
              org.testng.Assert.assertEquals(Assert.java:389)<br />
              org.testng.Assert.assertEquals(Assert.java:399)<br />
              main.testcase.Wallet.Withdraw.withdraw(Withdraw.java:89)<br />
              sun.reflect.NativeMethodAccessorImpl.invoke0(Native Method)<br />
              sun.reflect.NativeMethodAccessorImpl.invoke(NativeMethodAccessorImpl.java:57)<br />
              sun.reflect.DelegatingMethodAccessorImpl.invoke(DelegatingMethodAccessorImpl.java:43)<br />
              java.lang.reflect.Method.invoke(Method.java:606)<br />
              org.testng.internal.MethodInvocationHelper.invokeMethod(MethodInvocationHelper.java:86)<br />
              org.testng.internal.Invoker.invokeMethod(Invoker.java:643)<br />
              org.testng.internal.Invoker.invokeTestMethod(Invoker.java:820)<br />
              org.testng.internal.Invoker.invokeTestMethods(Invoker.java:1128)<br />
              org.testng.internal.TestMethodWorker.invokeTestMethods(TestMethodWorker.java:129)<br />
              org.testng.internal.TestMethodWorker.run(TestMethodWorker.java:112)<br />
              org.testng.TestRunner.privateRun(TestRunner.java:782)<br />
              org.testng.TestRunner.run(TestRunner.java:632)<br />
              org.testng.SuiteRunner.runTest(SuiteRunner.java:366)<br />
              org.testng.SuiteRunner.runSequentially(SuiteRunner.java:361)<br />
              org.testng.SuiteRunner.privateRun(SuiteRunner.java:319)<br />
              org.testng.SuiteRunner.run(SuiteRunner.java:268)<br />
              org.testng.SuiteRunnerWorker.runSuite(SuiteRunnerWorker.java:52)<br />
              org.testng.SuiteRunnerWorker.run(SuiteRunnerWorker.java:86)<br />
              org.testng.TestNG.runSuitesSequentially(TestNG.java:1244)<br />
              org.testng.TestNG.runSuitesLocally(TestNG.java:1169)<br />
              org.testng.TestNG.run(TestNG.java:1064)<br />
              org.apache.maven.surefire.testng.TestNGExecutor.run(TestNGExecutor.java:74)<br />
              org.apache.maven.surefire.testng.TestNGXmlTestSuite.execute(TestNGXmlTestSuite.java:92)<br />
              org.apache.maven.surefire.Surefire.run(Surefire.java:180)<br />
              sun.reflect.NativeMethodAccessorImpl.invoke0(Native Method)<br />
              sun.reflect.NativeMethodAccessorImpl.invoke(NativeMethodAccessorImpl.java:57)<br />
              sun.reflect.DelegatingMethodAccessorImpl.invoke(DelegatingMethodAccessorImpl.java:43)<br />
              java.lang.reflect.Method.invoke(Method.java:606)<br />
              org.apache.maven.surefire.booter.SurefireBooter.runSuitesInProcess(SurefireBooter.java:350)<br />
              org.apache.maven.surefire.booter.SurefireBooter.main(SurefireBooter.java:1021)<br />
                </div>
      </td>
</tr>
<tr>
  <td class="method">
                  withdraw
      </td>
  <td class="duration">
    0.801s
  </td>
  <td class="result">
        
          <i>Method arguments: </i><span class="arguments">"11c8f677-9fe0-4fc8-b895-76e4b86e5dd9", "汤涛", "123123456632123000", "空", "杭州滨江支行", "1.52", "32005beb6cc4314fe07aa6b0c9208f99", "N", "601", "银行名不能为空"</span><br />
    
        

        <a href="javascript:toggleElement('exception-3', 'block')" title="Click to expand/collapse"><b>java.lang.AssertionError: expected [601] but found [10509]</b></a><br />
    <div class="stackTrace" id="exception-3">
              org.testng.Assert.fail(Assert.java:94)<br />
              org.testng.Assert.failNotEquals(Assert.java:513)<br />
              org.testng.Assert.assertEqualsImpl(Assert.java:135)<br />
              org.testng.Assert.assertEquals(Assert.java:116)<br />
              org.testng.Assert.assertEquals(Assert.java:389)<br />
              org.testng.Assert.assertEquals(Assert.java:399)<br />
              main.testcase.Wallet.Withdraw.withdraw(Withdraw.java:89)<br />
              sun.reflect.NativeMethodAccessorImpl.invoke0(Native Method)<br />
              sun.reflect.NativeMethodAccessorImpl.invoke(NativeMethodAccessorImpl.java:57)<br />
              sun.reflect.DelegatingMethodAccessorImpl.invoke(DelegatingMethodAccessorImpl.java:43)<br />
              java.lang.reflect.Method.invoke(Method.java:606)<br />
              org.testng.internal.MethodInvocationHelper.invokeMethod(MethodInvocationHelper.java:86)<br />
              org.testng.internal.Invoker.invokeMethod(Invoker.java:643)<br />
              org.testng.internal.Invoker.invokeTestMethod(Invoker.java:820)<br />
              org.testng.internal.Invoker.invokeTestMethods(Invoker.java:1128)<br />
              org.testng.internal.TestMethodWorker.invokeTestMethods(TestMethodWorker.java:129)<br />
              org.testng.internal.TestMethodWorker.run(TestMethodWorker.java:112)<br />
              org.testng.TestRunner.privateRun(TestRunner.java:782)<br />
              org.testng.TestRunner.run(TestRunner.java:632)<br />
              org.testng.SuiteRunner.runTest(SuiteRunner.java:366)<br />
              org.testng.SuiteRunner.runSequentially(SuiteRunner.java:361)<br />
              org.testng.SuiteRunner.privateRun(SuiteRunner.java:319)<br />
              org.testng.SuiteRunner.run(SuiteRunner.java:268)<br />
              org.testng.SuiteRunnerWorker.runSuite(SuiteRunnerWorker.java:52)<br />
              org.testng.SuiteRunnerWorker.run(SuiteRunnerWorker.java:86)<br />
              org.testng.TestNG.runSuitesSequentially(TestNG.java:1244)<br />
              org.testng.TestNG.runSuitesLocally(TestNG.java:1169)<br />
              org.testng.TestNG.run(TestNG.java:1064)<br />
              org.apache.maven.surefire.testng.TestNGExecutor.run(TestNGExecutor.java:74)<br />
              org.apache.maven.surefire.testng.TestNGXmlTestSuite.execute(TestNGXmlTestSuite.java:92)<br />
              org.apache.maven.surefire.Surefire.run(Surefire.java:180)<br />
              sun.reflect.NativeMethodAccessorImpl.invoke0(Native Method)<br />
              sun.reflect.NativeMethodAccessorImpl.invoke(NativeMethodAccessorImpl.java:57)<br />
              sun.reflect.DelegatingMethodAccessorImpl.invoke(DelegatingMethodAccessorImpl.java:43)<br />
              java.lang.reflect.Method.invoke(Method.java:606)<br />
              org.apache.maven.surefire.booter.SurefireBooter.runSuitesInProcess(SurefireBooter.java:350)<br />
              org.apache.maven.surefire.booter.SurefireBooter.main(SurefireBooter.java:1021)<br />
                </div>
      </td>
</tr>
          <tr>
        <td colspan="3" class="group">main.testcase.Wallet.accountBalance</td>
      </tr>
            
<tr>
  <td class="method">
                  ab
      </td>
  <td class="duration">
    0.025s
  </td>
  <td class="result">
        
          <i>Method arguments: </i><span class="arguments">"11c8f677-9fe0-4fc8-b895-7", "403", "N", "空"</span><br />
    
        

        <a href="javascript:toggleElement('exception-4', 'block')" title="Click to expand/collapse"><b>java.lang.NullPointerException</b></a><br />
    <div class="stackTrace" id="exception-4">
              main.testcase.Wallet.accountBalance.ab(accountBalance.java:69)<br />
              sun.reflect.NativeMethodAccessorImpl.invoke0(Native Method)<br />
              sun.reflect.NativeMethodAccessorImpl.invoke(NativeMethodAccessorImpl.java:57)<br />
              sun.reflect.DelegatingMethodAccessorImpl.invoke(DelegatingMethodAccessorImpl.java:43)<br />
              java.lang.reflect.Method.invoke(Method.java:606)<br />
              org.testng.internal.MethodInvocationHelper.invokeMethod(MethodInvocationHelper.java:86)<br />
              org.testng.internal.Invoker.invokeMethod(Invoker.java:643)<br />
              org.testng.internal.Invoker.invokeTestMethod(Invoker.java:820)<br />
              org.testng.internal.Invoker.invokeTestMethods(Invoker.java:1128)<br />
              org.testng.internal.TestMethodWorker.invokeTestMethods(TestMethodWorker.java:129)<br />
              org.testng.internal.TestMethodWorker.run(TestMethodWorker.java:112)<br />
              org.testng.TestRunner.privateRun(TestRunner.java:782)<br />
              org.testng.TestRunner.run(TestRunner.java:632)<br />
              org.testng.SuiteRunner.runTest(SuiteRunner.java:366)<br />
              org.testng.SuiteRunner.runSequentially(SuiteRunner.java:361)<br />
              org.testng.SuiteRunner.privateRun(SuiteRunner.java:319)<br />
              org.testng.SuiteRunner.run(SuiteRunner.java:268)<br />
              org.testng.SuiteRunnerWorker.runSuite(SuiteRunnerWorker.java:52)<br />
              org.testng.SuiteRunnerWorker.run(SuiteRunnerWorker.java:86)<br />
              org.testng.TestNG.runSuitesSequentially(TestNG.java:1244)<br />
              org.testng.TestNG.runSuitesLocally(TestNG.java:1169)<br />
              org.testng.TestNG.run(TestNG.java:1064)<br />
              org.apache.maven.surefire.testng.TestNGExecutor.run(TestNGExecutor.java:74)<br />
              org.apache.maven.surefire.testng.TestNGXmlTestSuite.execute(TestNGXmlTestSuite.java:92)<br />
              org.apache.maven.surefire.Surefire.run(Surefire.java:180)<br />
              sun.reflect.NativeMethodAccessorImpl.invoke0(Native Method)<br />
              sun.reflect.NativeMethodAccessorImpl.invoke(NativeMethodAccessorImpl.java:57)<br />
              sun.reflect.DelegatingMethodAccessorImpl.invoke(DelegatingMethodAccessorImpl.java:43)<br />
              java.lang.reflect.Method.invoke(Method.java:606)<br />
              org.apache.maven.surefire.booter.SurefireBooter.runSuitesInProcess(SurefireBooter.java:350)<br />
              org.apache.maven.surefire.booter.SurefireBooter.main(SurefireBooter.java:1021)<br />
                </div>
      </td>
</tr>
<tr>
  <td class="method">
                  ab
      </td>
  <td class="duration">
    0.024s
  </td>
  <td class="result">
        
          <i>Method arguments: </i><span class="arguments">"11c8f677-1111-1111-b895-76e4b86e5dd1", "403", "N", "空"</span><br />
    
        

        <a href="javascript:toggleElement('exception-5', 'block')" title="Click to expand/collapse"><b>java.lang.NullPointerException</b></a><br />
    <div class="stackTrace" id="exception-5">
              main.testcase.Wallet.accountBalance.ab(accountBalance.java:69)<br />
              sun.reflect.NativeMethodAccessorImpl.invoke0(Native Method)<br />
              sun.reflect.NativeMethodAccessorImpl.invoke(NativeMethodAccessorImpl.java:57)<br />
              sun.reflect.DelegatingMethodAccessorImpl.invoke(DelegatingMethodAccessorImpl.java:43)<br />
              java.lang.reflect.Method.invoke(Method.java:606)<br />
              org.testng.internal.MethodInvocationHelper.invokeMethod(MethodInvocationHelper.java:86)<br />
              org.testng.internal.Invoker.invokeMethod(Invoker.java:643)<br />
              org.testng.internal.Invoker.invokeTestMethod(Invoker.java:820)<br />
              org.testng.internal.Invoker.invokeTestMethods(Invoker.java:1128)<br />
              org.testng.internal.TestMethodWorker.invokeTestMethods(TestMethodWorker.java:129)<br />
              org.testng.internal.TestMethodWorker.run(TestMethodWorker.java:112)<br />
              org.testng.TestRunner.privateRun(TestRunner.java:782)<br />
              org.testng.TestRunner.run(TestRunner.java:632)<br />
              org.testng.SuiteRunner.runTest(SuiteRunner.java:366)<br />
              org.testng.SuiteRunner.runSequentially(SuiteRunner.java:361)<br />
              org.testng.SuiteRunner.privateRun(SuiteRunner.java:319)<br />
              org.testng.SuiteRunner.run(SuiteRunner.java:268)<br />
              org.testng.SuiteRunnerWorker.runSuite(SuiteRunnerWorker.java:52)<br />
              org.testng.SuiteRunnerWorker.run(SuiteRunnerWorker.java:86)<br />
              org.testng.TestNG.runSuitesSequentially(TestNG.java:1244)<br />
              org.testng.TestNG.runSuitesLocally(TestNG.java:1169)<br />
              org.testng.TestNG.run(TestNG.java:1064)<br />
              org.apache.maven.surefire.testng.TestNGExecutor.run(TestNGExecutor.java:74)<br />
              org.apache.maven.surefire.testng.TestNGXmlTestSuite.execute(TestNGXmlTestSuite.java:92)<br />
              org.apache.maven.surefire.Surefire.run(Surefire.java:180)<br />
              sun.reflect.NativeMethodAccessorImpl.invoke0(Native Method)<br />
              sun.reflect.NativeMethodAccessorImpl.invoke(NativeMethodAccessorImpl.java:57)<br />
              sun.reflect.DelegatingMethodAccessorImpl.invoke(DelegatingMethodAccessorImpl.java:43)<br />
              java.lang.reflect.Method.invoke(Method.java:606)<br />
              org.apache.maven.surefire.booter.SurefireBooter.runSuitesInProcess(SurefireBooter.java:350)<br />
              org.apache.maven.surefire.booter.SurefireBooter.main(SurefireBooter.java:1021)<br />
                </div>
      </td>
</tr>
<tr>
  <td class="method">
                  ab
      </td>
  <td class="duration">
    0.024s
  </td>
  <td class="result">
        
          <i>Method arguments: </i><span class="arguments">"11c8f677-9fe0-4fc8-b895-222222222222222222", "403", "N", "空"</span><br />
    
        

        <a href="javascript:toggleElement('exception-6', 'block')" title="Click to expand/collapse"><b>java.lang.NullPointerException</b></a><br />
    <div class="stackTrace" id="exception-6">
              main.testcase.Wallet.accountBalance.ab(accountBalance.java:69)<br />
              sun.reflect.NativeMethodAccessorImpl.invoke0(Native Method)<br />
              sun.reflect.NativeMethodAccessorImpl.invoke(NativeMethodAccessorImpl.java:57)<br />
              sun.reflect.DelegatingMethodAccessorImpl.invoke(DelegatingMethodAccessorImpl.java:43)<br />
              java.lang.reflect.Method.invoke(Method.java:606)<br />
              org.testng.internal.MethodInvocationHelper.invokeMethod(MethodInvocationHelper.java:86)<br />
              org.testng.internal.Invoker.invokeMethod(Invoker.java:643)<br />
              org.testng.internal.Invoker.invokeTestMethod(Invoker.java:820)<br />
              org.testng.internal.Invoker.invokeTestMethods(Invoker.java:1128)<br />
              org.testng.internal.TestMethodWorker.invokeTestMethods(TestMethodWorker.java:129)<br />
              org.testng.internal.TestMethodWorker.run(TestMethodWorker.java:112)<br />
              org.testng.TestRunner.privateRun(TestRunner.java:782)<br />
              org.testng.TestRunner.run(TestRunner.java:632)<br />
              org.testng.SuiteRunner.runTest(SuiteRunner.java:366)<br />
              org.testng.SuiteRunner.runSequentially(SuiteRunner.java:361)<br />
              org.testng.SuiteRunner.privateRun(SuiteRunner.java:319)<br />
              org.testng.SuiteRunner.run(SuiteRunner.java:268)<br />
              org.testng.SuiteRunnerWorker.runSuite(SuiteRunnerWorker.java:52)<br />
              org.testng.SuiteRunnerWorker.run(SuiteRunnerWorker.java:86)<br />
              org.testng.TestNG.runSuitesSequentially(TestNG.java:1244)<br />
              org.testng.TestNG.runSuitesLocally(TestNG.java:1169)<br />
              org.testng.TestNG.run(TestNG.java:1064)<br />
              org.apache.maven.surefire.testng.TestNGExecutor.run(TestNGExecutor.java:74)<br />
              org.apache.maven.surefire.testng.TestNGXmlTestSuite.execute(TestNGXmlTestSuite.java:92)<br />
              org.apache.maven.surefire.Surefire.run(Surefire.java:180)<br />
              sun.reflect.NativeMethodAccessorImpl.invoke0(Native Method)<br />
              sun.reflect.NativeMethodAccessorImpl.invoke(NativeMethodAccessorImpl.java:57)<br />
              sun.reflect.DelegatingMethodAccessorImpl.invoke(DelegatingMethodAccessorImpl.java:43)<br />
              java.lang.reflect.Method.invoke(Method.java:606)<br />
              org.apache.maven.surefire.booter.SurefireBooter.runSuitesInProcess(SurefireBooter.java:350)<br />
              org.apache.maven.surefire.booter.SurefireBooter.main(SurefireBooter.java:1021)<br />
                </div>
      </td>
</tr>
          <tr>
        <td colspan="3" class="group">main.testcase.Wallet.withdraw_fail</td>
      </tr>
            
<tr>
  <td class="method">
                  w_al
      </td>
  <td class="duration">
    0.705s
  </td>
  <td class="result">
        
          <i>Method arguments: </i><span class="arguments">"11c8f677-9fe0-4fc8-b895-76e4b86e5dd9", "空", "123123456632123000", "中国工商银行", "杭州滨江支行", "1.52", "32005beb6cc4314fe07aa6b0c9208f99", "N", "601", "收款人不能为空"</span><br />
    
        

        <a href="javascript:toggleElement('exception-7', 'block')" title="Click to expand/collapse"><b>java.lang.AssertionError: expected [601] but found [10509]</b></a><br />
    <div class="stackTrace" id="exception-7">
              org.testng.Assert.fail(Assert.java:94)<br />
              org.testng.Assert.failNotEquals(Assert.java:513)<br />
              org.testng.Assert.assertEqualsImpl(Assert.java:135)<br />
              org.testng.Assert.assertEquals(Assert.java:116)<br />
              org.testng.Assert.assertEquals(Assert.java:389)<br />
              org.testng.Assert.assertEquals(Assert.java:399)<br />
              main.testcase.Wallet.withdraw_fail.w_al(withdraw_fail.java:85)<br />
              sun.reflect.NativeMethodAccessorImpl.invoke0(Native Method)<br />
              sun.reflect.NativeMethodAccessorImpl.invoke(NativeMethodAccessorImpl.java:57)<br />
              sun.reflect.DelegatingMethodAccessorImpl.invoke(DelegatingMethodAccessorImpl.java:43)<br />
              java.lang.reflect.Method.invoke(Method.java:606)<br />
              org.testng.internal.MethodInvocationHelper.invokeMethod(MethodInvocationHelper.java:86)<br />
              org.testng.internal.Invoker.invokeMethod(Invoker.java:643)<br />
              org.testng.internal.Invoker.invokeTestMethod(Invoker.java:820)<br />
              org.testng.internal.Invoker.invokeTestMethods(Invoker.java:1128)<br />
              org.testng.internal.TestMethodWorker.invokeTestMethods(TestMethodWorker.java:129)<br />
              org.testng.internal.TestMethodWorker.run(TestMethodWorker.java:112)<br />
              org.testng.TestRunner.privateRun(TestRunner.java:782)<br />
              org.testng.TestRunner.run(TestRunner.java:632)<br />
              org.testng.SuiteRunner.runTest(SuiteRunner.java:366)<br />
              org.testng.SuiteRunner.runSequentially(SuiteRunner.java:361)<br />
              org.testng.SuiteRunner.privateRun(SuiteRunner.java:319)<br />
              org.testng.SuiteRunner.run(SuiteRunner.java:268)<br />
              org.testng.SuiteRunnerWorker.runSuite(SuiteRunnerWorker.java:52)<br />
              org.testng.SuiteRunnerWorker.run(SuiteRunnerWorker.java:86)<br />
              org.testng.TestNG.runSuitesSequentially(TestNG.java:1244)<br />
              org.testng.TestNG.runSuitesLocally(TestNG.java:1169)<br />
              org.testng.TestNG.run(TestNG.java:1064)<br />
              org.apache.maven.surefire.testng.TestNGExecutor.run(TestNGExecutor.java:74)<br />
              org.apache.maven.surefire.testng.TestNGXmlTestSuite.execute(TestNGXmlTestSuite.java:92)<br />
              org.apache.maven.surefire.Surefire.run(Surefire.java:180)<br />
              sun.reflect.NativeMethodAccessorImpl.invoke0(Native Method)<br />
              sun.reflect.NativeMethodAccessorImpl.invoke(NativeMethodAccessorImpl.java:57)<br />
              sun.reflect.DelegatingMethodAccessorImpl.invoke(DelegatingMethodAccessorImpl.java:43)<br />
              java.lang.reflect.Method.invoke(Method.java:606)<br />
              org.apache.maven.surefire.booter.SurefireBooter.runSuitesInProcess(SurefireBooter.java:350)<br />
              org.apache.maven.surefire.booter.SurefireBooter.main(SurefireBooter.java:1021)<br />
                </div>
      </td>
</tr>
<tr>
  <td class="method">
                  w_al
      </td>
  <td class="duration">
    0.663s
  </td>
  <td class="result">
        
          <i>Method arguments: </i><span class="arguments">"11c8f677-9fe0-4fc8-b895-76e4b86e5dd9", "汤涛", "123123456632123000", "中国工商银行", "杭州滨江支行杭州滨江支行杭州滨江支行杭州滨江支行杭州滨江支行杭州滨江支行杭州滨江支行杭州滨江支行杭州滨江支行", "1.52", "32005beb6cc4314fe07aa6b0c9208f99", "N", "601", "支行名称长度超标"</span><br />
    
        

        <a href="javascript:toggleElement('exception-8', 'block')" title="Click to expand/collapse"><b>java.lang.AssertionError: expected [601] but found [10509]</b></a><br />
    <div class="stackTrace" id="exception-8">
              org.testng.Assert.fail(Assert.java:94)<br />
              org.testng.Assert.failNotEquals(Assert.java:513)<br />
              org.testng.Assert.assertEqualsImpl(Assert.java:135)<br />
              org.testng.Assert.assertEquals(Assert.java:116)<br />
              org.testng.Assert.assertEquals(Assert.java:389)<br />
              org.testng.Assert.assertEquals(Assert.java:399)<br />
              main.testcase.Wallet.withdraw_fail.w_al(withdraw_fail.java:85)<br />
              sun.reflect.GeneratedMethodAccessor4.invoke(Unknown Source)<br />
              sun.reflect.DelegatingMethodAccessorImpl.invoke(DelegatingMethodAccessorImpl.java:43)<br />
              java.lang.reflect.Method.invoke(Method.java:606)<br />
              org.testng.internal.MethodInvocationHelper.invokeMethod(MethodInvocationHelper.java:86)<br />
              org.testng.internal.Invoker.invokeMethod(Invoker.java:643)<br />
              org.testng.internal.Invoker.invokeTestMethod(Invoker.java:820)<br />
              org.testng.internal.Invoker.invokeTestMethods(Invoker.java:1128)<br />
              org.testng.internal.TestMethodWorker.invokeTestMethods(TestMethodWorker.java:129)<br />
              org.testng.internal.TestMethodWorker.run(TestMethodWorker.java:112)<br />
              org.testng.TestRunner.privateRun(TestRunner.java:782)<br />
              org.testng.TestRunner.run(TestRunner.java:632)<br />
              org.testng.SuiteRunner.runTest(SuiteRunner.java:366)<br />
              org.testng.SuiteRunner.runSequentially(SuiteRunner.java:361)<br />
              org.testng.SuiteRunner.privateRun(SuiteRunner.java:319)<br />
              org.testng.SuiteRunner.run(SuiteRunner.java:268)<br />
              org.testng.SuiteRunnerWorker.runSuite(SuiteRunnerWorker.java:52)<br />
              org.testng.SuiteRunnerWorker.run(SuiteRunnerWorker.java:86)<br />
              org.testng.TestNG.runSuitesSequentially(TestNG.java:1244)<br />
              org.testng.TestNG.runSuitesLocally(TestNG.java:1169)<br />
              org.testng.TestNG.run(TestNG.java:1064)<br />
              org.apache.maven.surefire.testng.TestNGExecutor.run(TestNGExecutor.java:74)<br />
              org.apache.maven.surefire.testng.TestNGXmlTestSuite.execute(TestNGXmlTestSuite.java:92)<br />
              org.apache.maven.surefire.Surefire.run(Surefire.java:180)<br />
              sun.reflect.NativeMethodAccessorImpl.invoke0(Native Method)<br />
              sun.reflect.NativeMethodAccessorImpl.invoke(NativeMethodAccessorImpl.java:57)<br />
              sun.reflect.DelegatingMethodAccessorImpl.invoke(DelegatingMethodAccessorImpl.java:43)<br />
              java.lang.reflect.Method.invoke(Method.java:606)<br />
              org.apache.maven.surefire.booter.SurefireBooter.runSuitesInProcess(SurefireBooter.java:350)<br />
              org.apache.maven.surefire.booter.SurefireBooter.main(SurefireBooter.java:1021)<br />
                </div>
      </td>
</tr>
<tr>
  <td class="method">
                  w_al
      </td>
  <td class="duration">
    0.794s
  </td>
  <td class="result">
        
          <i>Method arguments: </i><span class="arguments">"11c8f677-9fe0-4fc8-b895-76e4b86e5dd9", "汤涛", "123123456632123000", "中国工商银行", "空", "1.52", "32005beb6cc4314fe07aa6b0c9208f99", "N", "601", "支行不能为空"</span><br />
    
        

        <a href="javascript:toggleElement('exception-9', 'block')" title="Click to expand/collapse"><b>java.lang.AssertionError: expected [601] but found [10509]</b></a><br />
    <div class="stackTrace" id="exception-9">
              org.testng.Assert.fail(Assert.java:94)<br />
              org.testng.Assert.failNotEquals(Assert.java:513)<br />
              org.testng.Assert.assertEqualsImpl(Assert.java:135)<br />
              org.testng.Assert.assertEquals(Assert.java:116)<br />
              org.testng.Assert.assertEquals(Assert.java:389)<br />
              org.testng.Assert.assertEquals(Assert.java:399)<br />
              main.testcase.Wallet.withdraw_fail.w_al(withdraw_fail.java:85)<br />
              sun.reflect.NativeMethodAccessorImpl.invoke0(Native Method)<br />
              sun.reflect.NativeMethodAccessorImpl.invoke(NativeMethodAccessorImpl.java:57)<br />
              sun.reflect.DelegatingMethodAccessorImpl.invoke(DelegatingMethodAccessorImpl.java:43)<br />
              java.lang.reflect.Method.invoke(Method.java:606)<br />
              org.testng.internal.MethodInvocationHelper.invokeMethod(MethodInvocationHelper.java:86)<br />
              org.testng.internal.Invoker.invokeMethod(Invoker.java:643)<br />
              org.testng.internal.Invoker.invokeTestMethod(Invoker.java:820)<br />
              org.testng.internal.Invoker.invokeTestMethods(Invoker.java:1128)<br />
              org.testng.internal.TestMethodWorker.invokeTestMethods(TestMethodWorker.java:129)<br />
              org.testng.internal.TestMethodWorker.run(TestMethodWorker.java:112)<br />
              org.testng.TestRunner.privateRun(TestRunner.java:782)<br />
              org.testng.TestRunner.run(TestRunner.java:632)<br />
              org.testng.SuiteRunner.runTest(SuiteRunner.java:366)<br />
              org.testng.SuiteRunner.runSequentially(SuiteRunner.java:361)<br />
              org.testng.SuiteRunner.privateRun(SuiteRunner.java:319)<br />
              org.testng.SuiteRunner.run(SuiteRunner.java:268)<br />
              org.testng.SuiteRunnerWorker.runSuite(SuiteRunnerWorker.java:52)<br />
              org.testng.SuiteRunnerWorker.run(SuiteRunnerWorker.java:86)<br />
              org.testng.TestNG.runSuitesSequentially(TestNG.java:1244)<br />
              org.testng.TestNG.runSuitesLocally(TestNG.java:1169)<br />
              org.testng.TestNG.run(TestNG.java:1064)<br />
              org.apache.maven.surefire.testng.TestNGExecutor.run(TestNGExecutor.java:74)<br />
              org.apache.maven.surefire.testng.TestNGXmlTestSuite.execute(TestNGXmlTestSuite.java:92)<br />
              org.apache.maven.surefire.Surefire.run(Surefire.java:180)<br />
              sun.reflect.NativeMethodAccessorImpl.invoke0(Native Method)<br />
              sun.reflect.NativeMethodAccessorImpl.invoke(NativeMethodAccessorImpl.java:57)<br />
              sun.reflect.DelegatingMethodAccessorImpl.invoke(DelegatingMethodAccessorImpl.java:43)<br />
              java.lang.reflect.Method.invoke(Method.java:606)<br />
              org.apache.maven.surefire.booter.SurefireBooter.runSuitesInProcess(SurefireBooter.java:350)<br />
              org.apache.maven.surefire.booter.SurefireBooter.main(SurefireBooter.java:1021)<br />
                </div>
      </td>
</tr>
<tr>
  <td class="method">
                  w_al
      </td>
  <td class="duration">
    0.854s
  </td>
  <td class="result">
        
          <i>Method arguments: </i><span class="arguments">"11c8f677-9fe0-4fc8-b895-76e4b86e5dd9", "汤涛", "123123456632123000", "空", "杭州滨江支行", "1.52", "32005beb6cc4314fe07aa6b0c9208f99", "N", "601", "银行名不能为空"</span><br />
    
        

        <a href="javascript:toggleElement('exception-10', 'block')" title="Click to expand/collapse"><b>java.lang.AssertionError: expected [601] but found [10509]</b></a><br />
    <div class="stackTrace" id="exception-10">
              org.testng.Assert.fail(Assert.java:94)<br />
              org.testng.Assert.failNotEquals(Assert.java:513)<br />
              org.testng.Assert.assertEqualsImpl(Assert.java:135)<br />
              org.testng.Assert.assertEquals(Assert.java:116)<br />
              org.testng.Assert.assertEquals(Assert.java:389)<br />
              org.testng.Assert.assertEquals(Assert.java:399)<br />
              main.testcase.Wallet.withdraw_fail.w_al(withdraw_fail.java:85)<br />
              sun.reflect.NativeMethodAccessorImpl.invoke0(Native Method)<br />
              sun.reflect.NativeMethodAccessorImpl.invoke(NativeMethodAccessorImpl.java:57)<br />
              sun.reflect.DelegatingMethodAccessorImpl.invoke(DelegatingMethodAccessorImpl.java:43)<br />
              java.lang.reflect.Method.invoke(Method.java:606)<br />
              org.testng.internal.MethodInvocationHelper.invokeMethod(MethodInvocationHelper.java:86)<br />
              org.testng.internal.Invoker.invokeMethod(Invoker.java:643)<br />
              org.testng.internal.Invoker.invokeTestMethod(Invoker.java:820)<br />
              org.testng.internal.Invoker.invokeTestMethods(Invoker.java:1128)<br />
              org.testng.internal.TestMethodWorker.invokeTestMethods(TestMethodWorker.java:129)<br />
              org.testng.internal.TestMethodWorker.run(TestMethodWorker.java:112)<br />
              org.testng.TestRunner.privateRun(TestRunner.java:782)<br />
              org.testng.TestRunner.run(TestRunner.java:632)<br />
              org.testng.SuiteRunner.runTest(SuiteRunner.java:366)<br />
              org.testng.SuiteRunner.runSequentially(SuiteRunner.java:361)<br />
              org.testng.SuiteRunner.privateRun(SuiteRunner.java:319)<br />
              org.testng.SuiteRunner.run(SuiteRunner.java:268)<br />
              org.testng.SuiteRunnerWorker.runSuite(SuiteRunnerWorker.java:52)<br />
              org.testng.SuiteRunnerWorker.run(SuiteRunnerWorker.java:86)<br />
              org.testng.TestNG.runSuitesSequentially(TestNG.java:1244)<br />
              org.testng.TestNG.runSuitesLocally(TestNG.java:1169)<br />
              org.testng.TestNG.run(TestNG.java:1064)<br />
              org.apache.maven.surefire.testng.TestNGExecutor.run(TestNGExecutor.java:74)<br />
              org.apache.maven.surefire.testng.TestNGXmlTestSuite.execute(TestNGXmlTestSuite.java:92)<br />
              org.apache.maven.surefire.Surefire.run(Surefire.java:180)<br />
              sun.reflect.NativeMethodAccessorImpl.invoke0(Native Method)<br />
              sun.reflect.NativeMethodAccessorImpl.invoke(NativeMethodAccessorImpl.java:57)<br />
              sun.reflect.DelegatingMethodAccessorImpl.invoke(DelegatingMethodAccessorImpl.java:43)<br />
              java.lang.reflect.Method.invoke(Method.java:606)<br />
              org.apache.maven.surefire.booter.SurefireBooter.runSuitesInProcess(SurefireBooter.java:350)<br />
              org.apache.maven.surefire.booter.SurefireBooter.main(SurefireBooter.java:1021)<br />
                </div>
      </td>
</tr>
      </table>


  <table class="resultsTable">
    <tr><th colspan="3" class="header passed">Passed Tests</th></tr>
          <tr>
        <td colspan="3" class="group">main.testcase.Wallet.BeforeTheWithdrawalInformationQuery</td>
      </tr>
            
<tr>
  <td class="method">
                  btwiq
      </td>
  <td class="duration">
    1.041s
  </td>
  <td class="result">
        
          <i>Method arguments: </i><span class="arguments">"7c2ba2ec-38dd-4bcf-9f1a-d5b866cf1750", "200", "Y"</span><br />
    
        

      </td>
</tr>
<tr>
  <td class="method">
                  btwiq
      </td>
  <td class="duration">
    1.025s
  </td>
  <td class="result">
        
          <i>Method arguments: </i><span class="arguments">"11c8f677-9fe0-4fc8-b895-76e4b86e5dd9222222", "403", "N"</span><br />
    
        

      </td>
</tr>
<tr>
  <td class="method">
                  btwiq
      </td>
  <td class="duration">
    1.026s
  </td>
  <td class="result">
        
          <i>Method arguments: </i><span class="arguments">"11c8f677-1111-1111-b895-76e4b86e5dd9", "403", "N"</span><br />
    
        

      </td>
</tr>
<tr>
  <td class="method">
                  btwiq
      </td>
  <td class="duration">
    1.045s
  </td>
  <td class="result">
        
          <i>Method arguments: </i><span class="arguments">"11c8f677-9fe0-4fc8-b895-1", "403", "N"</span><br />
    
        

      </td>
</tr>
          <tr>
        <td colspan="3" class="group">main.testcase.Wallet.Withdraw</td>
      </tr>
            
<tr>
  <td class="method">
                  withdraw
      </td>
  <td class="duration">
    0.806s
  </td>
  <td class="result">
        
          <i>Method arguments: </i><span class="arguments">"11c8f677-9fe0-4fc8-b895-76e4b86e5dd9", "tao", "123123456632123000", "中国工商银行", "杭州滨江支行", "1.52", "32005beb6cc4314fe07aa6b0c9208f99", "N", "10509", "用户未认证，无法进行提现,请认证后再进行提现！"</span><br />
    
        

      </td>
</tr>
<tr>
  <td class="method">
                  withdraw
      </td>
  <td class="duration">
    0.666s
  </td>
  <td class="result">
        
          <i>Method arguments: </i><span class="arguments">"11c8f677-9fe0-4fc8-b895-7", "汤涛", "123123456632123000", "中国工商银行", "杭州滨江支行", "1.52", "32005beb6cc4314fe07aa6b0c9208f99", "N", "403", "Sorry, there is no employee shop relations in cache!"</span><br />
    
        

      </td>
</tr>
<tr>
  <td class="method">
                  withdraw
      </td>
  <td class="duration">
    0.804s
  </td>
  <td class="result">
        
          <i>Method arguments: </i><span class="arguments">"11c8f677-9fe0-4fc8-b895-76e4b86e5dd9", "汤涛", "123123456632123000", "中国工商银行", "杭州滨江支行", "1.52", "32005beb6cc4314fe07aa6b0c1111111", "N", "10509", "用户未认证，无法进行提现,请认证后再进行提现！"</span><br />
    
        

      </td>
</tr>
<tr>
  <td class="method">
                  withdraw
      </td>
  <td class="duration">
    1.427s
  </td>
  <td class="result">
        
          <i>Method arguments: </i><span class="arguments">"11c8f677-9fe0-4fc8-b895-76e4b86e5dd9", "汤涛", "空", "中国工商银行", "杭州滨江支行", "1.52", "32005beb6cc4314fe07aa6b0c9208f99", "N", "601", "卡号长度不符合"</span><br />
    
        

      </td>
</tr>
<tr>
  <td class="method">
                  withdraw
      </td>
  <td class="duration">
    0.777s
  </td>
  <td class="result">
        
          <i>Method arguments: </i><span class="arguments">"11c8f677-9fe0-4fc8-b895-76e4b86e5dd9", "汤涛", "123123456632123000", "中国工商银行", "杭州滨江支行", "1.52", "32005beb6cc4314fe07aa6b0c9208f99", "N", "10509", "用户未认证，无法进行提现,请认证后再进行提现！"</span><br />
    
        

      </td>
</tr>
<tr>
  <td class="method">
                  withdraw
      </td>
  <td class="duration">
    0.716s
  </td>
  <td class="result">
        
          <i>Method arguments: </i><span class="arguments">"11c8f677-9fe0-4fc8-b895-76e4b86e5dd9", "汤涛", "123123456632121231231232131231231231231233000", "中国工商银行", "杭州滨江支行", "1.52", "32005beb6cc4314fe07aa6b0c9208f99", "N", "601", "卡号长度不符合"</span><br />
    
        

      </td>
</tr>
<tr>
  <td class="method">
                  withdraw
      </td>
  <td class="duration">
    0.674s
  </td>
  <td class="result">
        
          <i>Method arguments: </i><span class="arguments">"11c8f677-9fe0-4fc8-b895-76e4b86e5dd9", "汤涛", "1231", "中国工商银行", "杭州滨江支行", "1.52", "32005beb6cc4314fe07aa6b0c9208f99", "N", "601", "卡号长度不符合"</span><br />
    
        

      </td>
</tr>
<tr>
  <td class="method">
                  withdraw
      </td>
  <td class="duration">
    0.745s
  </td>
  <td class="result">
        
          <i>Method arguments: </i><span class="arguments">"11c8f677-9fe0-4fc8-b895-76e4b86e5dd9", "汤涛汤涛汤涛汤涛汤涛汤涛汤涛汤涛汤涛汤涛汤涛汤涛汤涛", "123123456632123000", "中国工商银行", "杭州滨江支行", "1.52", "32005beb6cc4314fe07aa6b0c9208f99", "N", "601", "收款人长度超标"</span><br />
    
        

      </td>
</tr>
<tr>
  <td class="method">
                  withdraw
      </td>
  <td class="duration">
    1.018s
  </td>
  <td class="result">
        
          <i>Method arguments: </i><span class="arguments">"11c8f677-9fe0-4fc8-b895-76e4b86e5dd9", "汤涛", "12312345663212qwer", "中国工商银行", "杭州滨江支行", "1.52", "32005beb6cc4314fe07aa6b0c9208f99", "N", "10509", "用户未认证，无法进行提现,请认证后再进行提现！"</span><br />
    
        

      </td>
</tr>
<tr>
  <td class="method">
                  withdraw
      </td>
  <td class="duration">
    0.823s
  </td>
  <td class="result">
        
          <i>Method arguments: </i><span class="arguments">"11c8f677-9fe0-4fc8-b895-76e4b86e5dd9", "汤涛", "123123456632123000", "中国工商银行中国工商银行中国工商银行中国工商银行中国工商银行中国工商银行中国工商银行", "杭州滨江支行", "1.52", "32005beb6cc4314fe07aa6b0c9208f99", "N", "601", "银行名称长度超标"</span><br />
    
        

      </td>
</tr>
<tr>
  <td class="method">
                  withdraw
      </td>
  <td class="duration">
    0.805s
  </td>
  <td class="result">
        
          <i>Method arguments: </i><span class="arguments">"空", "汤涛", "123123456632123000", "中国工商银行", "杭州滨江支行", "1.52", "32005beb6cc4314fe07aa6b0c9208f99", "N", "403", "Sorry, there is no employee shop relations in cache!"</span><br />
    
        

      </td>
</tr>
<tr>
  <td class="method">
                  withdraw
      </td>
  <td class="duration">
    0.719s
  </td>
  <td class="result">
        
          <i>Method arguments: </i><span class="arguments">"11111111111-9fe0-4fc8-1-76e4b86e5dd9", "汤涛", "123123456632123000", "中国工商银行", "杭州滨江支行", "1.52", "32005beb6cc4314fe07aa6b0c9208f99", "N", "403", "Sorry, there is no employee shop relations in cache!"</span><br />
    
        

      </td>
</tr>
<tr>
  <td class="method">
                  withdraw
      </td>
  <td class="duration">
    0.725s
  </td>
  <td class="result">
        
          <i>Method arguments: </i><span class="arguments">"11c8f677-9f1111111111e0-4fc8-b895-76e4b86e5dd19", "汤涛", "123123456632123000", "中国工商银行", "杭州滨江支行", "1.52", "32005beb6cc4314fe07aa6b0c9208f99", "N", "403", "Sorry, there is no employee shop relations in cache!"</span><br />
    
        

      </td>
</tr>
<tr>
  <td class="method">
                  withdraw
      </td>
  <td class="duration">
    0.856s
  </td>
  <td class="result">
        
          <i>Method arguments: </i><span class="arguments">"11c8f677-9fe0-4fc8-b895-76e4b86e5dd9", "汤涛", "123123456632123000", "中国工商银行", "杭州滨江支行", "1.52", "空", "N", "10509", "用户未认证，无法进行提现,请认证后再进行提现！"</span><br />
    
        

      </td>
</tr>
          <tr>
        <td colspan="3" class="group">main.testcase.Wallet.accountBalance</td>
      </tr>
            
<tr>
  <td class="method">
                  ab
      </td>
  <td class="duration">
    0.073s
  </td>
  <td class="result">
        
          <i>Method arguments: </i><span class="arguments">"11c8f677-9fe0-4fc8-b895-76e4b86e5dd9", "200", "Y", "100"</span><br />
    
        

      </td>
</tr>
          <tr>
        <td colspan="3" class="group">main.testcase.Wallet.withdraw_already</td>
      </tr>
            
<tr>
  <td class="method">
                  w_al
      </td>
  <td class="duration">
    2.774s
  </td>
  <td class="result">
        
    
        

      </td>
</tr>
          <tr>
        <td colspan="3" class="group">main.testcase.Wallet.withdraw_fail</td>
      </tr>
            
<tr>
  <td class="method">
                  w_al
      </td>
  <td class="duration">
    0.798s
  </td>
  <td class="result">
        
          <i>Method arguments: </i><span class="arguments">"11c8f677-9fe0-4fc8-b895-76e4b86e5dd9", "汤涛汤涛汤涛汤涛汤涛汤涛汤涛汤涛汤涛汤涛汤涛汤涛汤涛", "123123456632123000", "中国工商银行", "杭州滨江支行", "1.52", "32005beb6cc4314fe07aa6b0c9208f99", "N", "601", "收款人长度超标"</span><br />
    
        

      </td>
</tr>
<tr>
  <td class="method">
                  w_al
      </td>
  <td class="duration">
    0.675s
  </td>
  <td class="result">
        
          <i>Method arguments: </i><span class="arguments">"11c8f677-9fe0-4fc8-b895-76e4b86e5dd9", "tao", "123123456632123000", "中国工商银行", "杭州滨江支行", "1.52", "32005beb6cc4314fe07aa6b0c9208f99", "N", "10509", "用户未认证，无法进行提现,请认证后再进行提现！"</span><br />
    
        

      </td>
</tr>
<tr>
  <td class="method">
                  w_al
      </td>
  <td class="duration">
    0.748s
  </td>
  <td class="result">
        
          <i>Method arguments: </i><span class="arguments">"11c8f677-9fe0-4fc8-b895-76e4b86e5dd9", "汤涛", "空", "中国工商银行", "杭州滨江支行", "1.52", "32005beb6cc4314fe07aa6b0c9208f99", "N", "601", "卡号长度不符合"</span><br />
    
        

      </td>
</tr>
<tr>
  <td class="method">
                  w_al
      </td>
  <td class="duration">
    0.755s
  </td>
  <td class="result">
        
          <i>Method arguments: </i><span class="arguments">"11111111111-9fe0-4fc8-1-76e4b86e5dd9", "汤涛", "123123456632123000", "中国工商银行", "杭州滨江支行", "1.52", "32005beb6cc4314fe07aa6b0c9208f99", "N", "403", "Sorry, there is no employee shop relations in cache!"</span><br />
    
        

      </td>
</tr>
<tr>
  <td class="method">
                  w_al
      </td>
  <td class="duration">
    0.823s
  </td>
  <td class="result">
        
          <i>Method arguments: </i><span class="arguments">"11c8f677-9fe0-4fc8-b895-76e4b86e5dd9", "汤涛", "123123456632121231231232131231231231231233000", "中国工商银行", "杭州滨江支行", "1.52", "32005beb6cc4314fe07aa6b0c9208f99", "N", "601", "卡号长度不符合"</span><br />
    
        

      </td>
</tr>
<tr>
  <td class="method">
                  w_al
      </td>
  <td class="duration">
    0.811s
  </td>
  <td class="result">
        
          <i>Method arguments: </i><span class="arguments">"11c8f677-9fe0-4fc8-b895-76e4b86e5dd9", "汤涛", "123123456632123000", "中国工商银行", "杭州滨江支行", "1.52", "32005beb6cc4314fe07aa6b0c1111111", "N", "10509", "用户未认证，无法进行提现,请认证后再进行提现！"</span><br />
    
        

      </td>
</tr>
<tr>
  <td class="method">
                  w_al
      </td>
  <td class="duration">
    0.785s
  </td>
  <td class="result">
        
          <i>Method arguments: </i><span class="arguments">"11c8f677-9fe0-4fc8-b895-7", "汤涛", "123123456632123000", "中国工商银行", "杭州滨江支行", "1.52", "32005beb6cc4314fe07aa6b0c9208f99", "N", "403", "Sorry, there is no employee shop relations in cache!"</span><br />
    
        

      </td>
</tr>
<tr>
  <td class="method">
                  w_al
      </td>
  <td class="duration">
    0.790s
  </td>
  <td class="result">
        
          <i>Method arguments: </i><span class="arguments">"空", "汤涛", "123123456632123000", "中国工商银行", "杭州滨江支行", "1.52", "32005beb6cc4314fe07aa6b0c9208f99", "N", "403", "Sorry, there is no employee shop relations in cache!"</span><br />
    
        

      </td>
</tr>
<tr>
  <td class="method">
                  w_al
      </td>
  <td class="duration">
    0.781s
  </td>
  <td class="result">
        
          <i>Method arguments: </i><span class="arguments">"11c8f677-9fe0-4fc8-b895-76e4b86e5dd9", "汤涛", "123123456632123000", "中国工商银行中国工商银行中国工商银行中国工商银行中国工商银行中国工商银行中国工商银行", "杭州滨江支行", "1.52", "32005beb6cc4314fe07aa6b0c9208f99", "N", "601", "银行名称长度超标"</span><br />
    
        

      </td>
</tr>
<tr>
  <td class="method">
                  w_al
      </td>
  <td class="duration">
    0.719s
  </td>
  <td class="result">
        
          <i>Method arguments: </i><span class="arguments">"11c8f677-9fe0-4fc8-b895-76e4b86e5dd9", "汤涛", "123123456632123000", "中国工商银行", "杭州滨江支行", "1.52", "32005beb6cc4314fe07aa6b0c9208f99", "N", "10509", "用户未认证，无法进行提现,请认证后再进行提现！"</span><br />
    
        

      </td>
</tr>
<tr>
  <td class="method">
                  w_al
      </td>
  <td class="duration">
    0.816s
  </td>
  <td class="result">
        
          <i>Method arguments: </i><span class="arguments">"11c8f677-9fe0-4fc8-b895-76e4b86e5dd9", "汤涛", "123123456632123000", "中国工商银行", "杭州滨江支行", "1.52", "空", "N", "10509", "用户未认证，无法进行提现,请认证后再进行提现！"</span><br />
    
        

      </td>
</tr>
<tr>
  <td class="method">
                  w_al
      </td>
  <td class="duration">
    0.881s
  </td>
  <td class="result">
        
          <i>Method arguments: </i><span class="arguments">"11c8f677-9f1111111111e0-4fc8-b895-76e4b86e5dd19", "汤涛", "123123456632123000", "中国工商银行", "杭州滨江支行", "1.52", "32005beb6cc4314fe07aa6b0c9208f99", "N", "403", "Sorry, there is no employee shop relations in cache!"</span><br />
    
        

      </td>
</tr>
<tr>
  <td class="method">
                  w_al
      </td>
  <td class="duration">
    0.733s
  </td>
  <td class="result">
        
          <i>Method arguments: </i><span class="arguments">"11c8f677-9fe0-4fc8-b895-76e4b86e5dd9", "汤涛", "1231", "中国工商银行", "杭州滨江支行", "1.52", "32005beb6cc4314fe07aa6b0c9208f99", "N", "601", "卡号长度不符合"</span><br />
    
        

      </td>
</tr>
<tr>
  <td class="method">
                  w_al
      </td>
  <td class="duration">
    0.827s
  </td>
  <td class="result">
        
          <i>Method arguments: </i><span class="arguments">"11c8f677-9fe0-4fc8-b895-76e4b86e5dd9", "汤涛", "12312345663212qwer", "中国工商银行", "杭州滨江支行", "1.52", "32005beb6cc4314fe07aa6b0c9208f99", "N", "10509", "用户未认证，无法进行提现,请认证后再进行提现！"</span><br />
    
        

      </td>
</tr>
          <tr>
        <td colspan="3" class="group">main.testcase.Wallet.withdrawalRecordList</td>
      </tr>
            
<tr>
  <td class="method">
                  wrl_code
      </td>
  <td class="duration">
    0.045s
  </td>
  <td class="result">
        
          <i>Method arguments: </i><span class="arguments">200, true</span><br />
    
        

      </td>
</tr>
      </table>
  
</body>
</html>
