<html>
<head>
<title>TestNG:  ΢�򵥽ӿڲ��� - ��ɨ</title>
<link href="../testng.css" rel="stylesheet" type="text/css" />
<link href="../my-testng.css" rel="stylesheet" type="text/css" />

<style type="text/css">
.log { display: none;} 
.stack-trace { display: none;} 
</style>
<script type="text/javascript">
<!--
function flip(e) {
  current = e.style.display;
  if (current == 'block') {
    e.style.display = 'none';
    return 0;
  }
  else {
    e.style.display = 'block';
    return 1;
  }
}

function toggleBox(szDivId, elem, msg1, msg2)
{
  var res = -1;  if (document.getElementById) {
    res = flip(document.getElementById(szDivId));
  }
  else if (document.all) {
    // this is the way old msie versions work
    res = flip(document.all[szDivId]);
  }
  if(elem) {
    if(res == 0) elem.innerHTML = msg1; else elem.innerHTML = msg2;
  }

}

function toggleAllBoxes() {
  if (document.getElementsByTagName) {
    d = document.getElementsByTagName('div');
    for (i = 0; i < d.length; i++) {
      if (d[i].className == 'log') {
        flip(d[i]);
      }
    }
  }
}

// -->
</script>

</head>
<body>
<h2 align='center'>΢�򵥽ӿڲ��� - ��ɨ</h2><table border='1' align="center">
<tr>
<td>Tests passed/Failed/Skipped:</td><td>20/2/0</td>
</tr><tr>
<td>Started on:</td><td>Wed Jun 01 14:21:07 CST 2016</td>
</tr>
<tr><td>Total time:</td><td>18 seconds (18734 ms)</td>
</tr><tr>
<td>Included groups:</td><td></td>
</tr><tr>
<td>Excluded groups:</td><td></td>
</tr>
</table><p/>
<small><i>(Hover the method name to see the test class name)</i></small><p/>
<table width='100%' border='1' class='invocation-failed'>
<tr><td colspan='4' align='center'><b>FAILED TESTS</b></td></tr>
<tr><td><b>Test method</b></td>
<td width="30%"><b>Exception</b></td>
<td width="10%"><b>Time (seconds)</b></td>
<td><b>Instance</b></td>
</tr>
<tr>
<td title='main.testcase.ReverseScan.fansaopay.fsp()'><b>fsp</b><br>Test class: main.testcase.ReverseScan.fansaopay<br>Parameters: 7cbe9321461449809855aea23e749dae, 3, oFoSyt_kgKJCMLIhZXP48Dd060P8, 111111, Y, 200, 11</td>
<td><div><pre>java.lang.AssertionError: expected [200] but found [11201]
	at main.testcase.ReverseScan.fansaopay.fsp(fansaopay.java:66)
... Removed 30 stack frames</pre></div><a href='#' onClick='toggleBox("stack-trace220145908", this, "Click to show all stack frames", "Click to hide stack frames")'>Click to show all stack frames</a>
<div class='stack-trace' id='stack-trace220145908'><pre>java.lang.AssertionError: expected [200] but found [11201]
	at org.testng.Assert.fail(Assert.java:94)
	at org.testng.Assert.failNotEquals(Assert.java:513)
	at org.testng.Assert.assertEqualsImpl(Assert.java:135)
	at org.testng.Assert.assertEquals(Assert.java:116)
	at org.testng.Assert.assertEquals(Assert.java:389)
	at org.testng.Assert.assertEquals(Assert.java:399)
	at main.testcase.ReverseScan.fansaopay.fsp(fansaopay.java:66)
	at sun.reflect.NativeMethodAccessorImpl.invoke0(Native Method)
	at sun.reflect.NativeMethodAccessorImpl.invoke(Unknown Source)
	at sun.reflect.DelegatingMethodAccessorImpl.invoke(Unknown Source)
	at java.lang.reflect.Method.invoke(Unknown Source)
	at org.testng.internal.MethodInvocationHelper.invokeMethod(MethodInvocationHelper.java:86)
	at org.testng.internal.Invoker.invokeMethod(Invoker.java:643)
	at org.testng.internal.Invoker.invokeTestMethod(Invoker.java:820)
	at org.testng.internal.Invoker.invokeTestMethods(Invoker.java:1128)
	at org.testng.internal.TestMethodWorker.invokeTestMethods(TestMethodWorker.java:129)
	at org.testng.internal.TestMethodWorker.run(TestMethodWorker.java:112)
	at org.testng.TestRunner.privateRun(TestRunner.java:782)
	at org.testng.TestRunner.run(TestRunner.java:632)
	at org.testng.SuiteRunner.runTest(SuiteRunner.java:366)
	at org.testng.SuiteRunner.runSequentially(SuiteRunner.java:361)
	at org.testng.SuiteRunner.privateRun(SuiteRunner.java:319)
	at org.testng.SuiteRunner.run(SuiteRunner.java:268)
	at org.testng.SuiteRunnerWorker.runSuite(SuiteRunnerWorker.java:52)
	at org.testng.SuiteRunnerWorker.run(SuiteRunnerWorker.java:86)
	at org.testng.TestNG.runSuitesSequentially(TestNG.java:1244)
	at org.testng.TestNG.runSuitesLocally(TestNG.java:1169)
	at org.testng.TestNG.run(TestNG.java:1064)
	at org.testng.remote.RemoteTestNG.run(RemoteTestNG.java:113)
	at org.testng.remote.RemoteTestNG.initAndRun(RemoteTestNG.java:206)
	at org.testng.remote.RemoteTestNG.main(RemoteTestNG.java:177)
</pre></div></td>
<td>8</td>
<td>main.testcase.fansaopay@736afade</td></tr>
<tr>
<td title='main.testcase.ReverseScan.openid.openid()'><b>openid</b><br>Test class: main.testcase.ReverseScan.openid<br>Parameters: 041eoMxt0NqYGp1XlVwt0uDKxt0eoMxX, http://newpay.tunnel.qydev.com/H5/views/reScan/reScan.html?shopCode=daea0190c624498baf5e4b1ee372ce77, Y, 200, 11</td>
<td><div><pre>com.google.gson.JsonSyntaxException: java.lang.IllegalStateException: Expected BEGIN_OBJECT but was STRING at line 1 column 1 path $
	at com.google.gson.internal.bind.ReflectiveTypeAdapterFactory$Adapter.read(ReflectiveTypeAdapterFactory.java:187)
	at com.google.gson.Gson.fromJson(Gson.java:805)
	at com.google.gson.Gson.fromJson(Gson.java:770)
	at com.google.gson.Gson.fromJson(Gson.java:719)
	at com.google.gson.Gson.fromJson(Gson.java:691)
	at main.testcase.ReverseScan.openid.openid(openid.java:60)
Caused by: java.lang.IllegalStateException: Expected BEGIN_OBJECT but was STRING at line 1 column 1 path $
	at com.google.gson.stream.JsonReader.beginObject(JsonReader.java:387)
	at com.google.gson.internal.bind.ReflectiveTypeAdapterFactory$Adapter.read(ReflectiveTypeAdapterFactory.java:176)
	... 29 more
... Removed 24 stack frames</pre></div><a href='#' onClick='toggleBox("stack-trace518682261", this, "Click to show all stack frames", "Click to hide stack frames")'>Click to show all stack frames</a>
<div class='stack-trace' id='stack-trace518682261'><pre>com.google.gson.JsonSyntaxException: java.lang.IllegalStateException: Expected BEGIN_OBJECT but was STRING at line 1 column 1 path $
	at com.google.gson.internal.bind.ReflectiveTypeAdapterFactory$Adapter.read(ReflectiveTypeAdapterFactory.java:187)
	at com.google.gson.Gson.fromJson(Gson.java:805)
	at com.google.gson.Gson.fromJson(Gson.java:770)
	at com.google.gson.Gson.fromJson(Gson.java:719)
	at com.google.gson.Gson.fromJson(Gson.java:691)
	at main.testcase.ReverseScan.openid.openid(openid.java:60)
	at sun.reflect.NativeMethodAccessorImpl.invoke0(Native Method)
	at sun.reflect.NativeMethodAccessorImpl.invoke(Unknown Source)
	at sun.reflect.DelegatingMethodAccessorImpl.invoke(Unknown Source)
	at java.lang.reflect.Method.invoke(Unknown Source)
	at org.testng.internal.MethodInvocationHelper.invokeMethod(MethodInvocationHelper.java:86)
	at org.testng.internal.Invoker.invokeMethod(Invoker.java:643)
	at org.testng.internal.Invoker.invokeTestMethod(Invoker.java:820)
	at org.testng.internal.Invoker.invokeTestMethods(Invoker.java:1128)
	at org.testng.internal.TestMethodWorker.invokeTestMethods(TestMethodWorker.java:129)
	at org.testng.internal.TestMethodWorker.run(TestMethodWorker.java:112)
	at org.testng.TestRunner.privateRun(TestRunner.java:782)
	at org.testng.TestRunner.run(TestRunner.java:632)
	at org.testng.SuiteRunner.runTest(SuiteRunner.java:366)
	at org.testng.SuiteRunner.runSequentially(SuiteRunner.java:361)
	at org.testng.SuiteRunner.privateRun(SuiteRunner.java:319)
	at org.testng.SuiteRunner.run(SuiteRunner.java:268)
	at org.testng.SuiteRunnerWorker.runSuite(SuiteRunnerWorker.java:52)
	at org.testng.SuiteRunnerWorker.run(SuiteRunnerWorker.java:86)
	at org.testng.TestNG.runSuitesSequentially(TestNG.java:1244)
	at org.testng.TestNG.runSuitesLocally(TestNG.java:1169)
	at org.testng.TestNG.run(TestNG.java:1064)
	at org.testng.remote.RemoteTestNG.run(RemoteTestNG.java:113)
	at org.testng.remote.RemoteTestNG.initAndRun(RemoteTestNG.java:206)
	at org.testng.remote.RemoteTestNG.main(RemoteTestNG.java:177)
Caused by: java.lang.IllegalStateException: Expected BEGIN_OBJECT but was STRING at line 1 column 1 path $
	at com.google.gson.stream.JsonReader.beginObject(JsonReader.java:387)
	at com.google.gson.internal.bind.ReflectiveTypeAdapterFactory$Adapter.read(ReflectiveTypeAdapterFactory.java:176)
	... 29 more
</pre></div></td>
<td>0</td>
<td>main.testcase.openid@53354a57</td></tr>
</table><p>
<table width='100%' border='1' class='invocation-passed'>
<tr><td colspan='4' align='center'><b>PASSED TESTS</b></td></tr>
<tr><td><b>Test method</b></td>
<td width="30%"><b>Exception</b></td>
<td width="10%"><b>Time (seconds)</b></td>
<td><b>Instance</b></td>
</tr>
<tr>
<td title='main.testcase.ReverseScan.atheringCodeShop.acs_code()'><b>acs_code</b><br>Test class: main.testcase.ReverseScan.atheringCodeShop<br>Parameters: 7cbe9321461449809855aea23e749dae, Y, 200</td>
<td></td>
<td>0</td>
<td>main.testcase.atheringCodeShop@747c4004</td></tr>
<tr>
<td title='main.testcase.ReverseScan.atheringCodeShop.acs_code()'><b>acs_code</b><br>Test class: main.testcase.ReverseScan.atheringCodeShop<br>Parameters: 7cbe93214614, N, 11202</td>
<td></td>
<td>0</td>
<td>main.testcase.atheringCodeShop@747c4004</td></tr>
<tr>
<td title='main.testcase.ReverseScan.atheringCodeShop.acs_code()'><b>acs_code</b><br>Test class: main.testcase.ReverseScan.atheringCodeShop<br>Parameters: ��, N, 11202</td>
<td></td>
<td>0</td>
<td>main.testcase.atheringCodeShop@747c4004</td></tr>
<tr>
<td title='main.testcase.ReverseScan.atheringCodeShop.acs_code()'><b>acs_code</b><br>Test class: main.testcase.ReverseScan.atheringCodeShop<br>Parameters: 7cbe9321461449809855aea23e749ddd, N, 11202</td>
<td></td>
<td>0</td>
<td>main.testcase.atheringCodeShop@747c4004</td></tr>
<tr>
<td title='main.testcase.ReverseScan.activeThecode.active()'><b>active</b><br>Test class: main.testcase.ReverseScan.activeThecode<br>Parameters: 3a35caf5-97f8-4dff-ab9e-b8c9d76c0d38, 9461018447634cf4ae05c5703cea47df, Y, 200, ��</td>
<td></td>
<td>7</td>
<td>main.testcase.activeThecode@4fa3c06e</td></tr>
<tr>
<td title='main.testcase.ReverseScan.activeThecode.active()'><b>active</b><br>Test class: main.testcase.ReverseScan.activeThecode<br>Parameters: 3a35caf5-97f8-4dff-ab9e-b8c9d76c0000, 9461018447634cf4ae05c5703cea47df, N, 403, Sorry, there is no employee shop relations in cache!</td>
<td></td>
<td>0</td>
<td>main.testcase.activeThecode@4fa3c06e</td></tr>
<tr>
<td title='main.testcase.ReverseScan.activeThecode.active()'><b>active</b><br>Test class: main.testcase.ReverseScan.activeThecode<br>Parameters: 3a35caf5-97f8-4dff-ab9e-b8c9d76c0d38, 9461018447634cf4ae05c5703cea1111, N, 200, ��������Ч</td>
<td></td>
<td>0</td>
<td>main.testcase.activeThecode@4fa3c06e</td></tr>
<tr>
<td title='main.testcase.ReverseScan.activeThecode.active()'><b>active</b><br>Test class: main.testcase.ReverseScan.activeThecode<br>Parameters: 3a35caf5-97f8-4dff-ab9e-b8c9d76c000012345, 9461018447634cf4ae05c5703cea47df, N, 403, Sorry, there is no employee shop relations in cache!</td>
<td></td>
<td>0</td>
<td>main.testcase.activeThecode@4fa3c06e</td></tr>
<tr>
<td title='main.testcase.ReverseScan.activeThecode.active()'><b>active</b><br>Test class: main.testcase.ReverseScan.activeThecode<br>Parameters: 3a35caf5-97f8-4dff-ab9e-b, 9461018447634cf4ae05c5703cea47df, N, 403, Sorry, there is no employee shop relations in cache!</td>
<td></td>
<td>0</td>
<td>main.testcase.activeThecode@4fa3c06e</td></tr>
<tr>
<td title='main.testcase.ReverseScan.activeThecode.active()'><b>active</b><br>Test class: main.testcase.ReverseScan.activeThecode<br>Parameters: 3a35caf5-97f8-4dff-ab9e-b8c9d76c0d38, 9461018447634cf4ae05c5703cea111112345, N, 200, ��������Ч</td>
<td></td>
<td>0</td>
<td>main.testcase.activeThecode@4fa3c06e</td></tr>
<tr>
<td title='main.testcase.ReverseScan.activeThecode.active()'><b>active</b><br>Test class: main.testcase.ReverseScan.activeThecode<br>Parameters: 3a35caf5-97f8-4dff-ab9e-b8c9d76c0d38, 9461018447634cf4ae05c, N, 200, ��������Ч</td>
<td></td>
<td>0</td>
<td>main.testcase.activeThecode@4fa3c06e</td></tr>
<tr>
<td title='main.testcase.ReverseScan.activeThecode.active()'><b>active</b><br>Test class: main.testcase.ReverseScan.activeThecode<br>Parameters: ��, 9461018447634cf4ae05c5703cea47df, N, 403, Sorry, there is no employee shop relations in cache!</td>
<td></td>
<td>0</td>
<td>main.testcase.activeThecode@4fa3c06e</td></tr>
<tr>
<td title='main.testcase.ReverseScan.activeThecode.active()'><b>active</b><br>Test class: main.testcase.ReverseScan.activeThecode<br>Parameters: 3a35caf5-97f8-4dff-ab9e-b8c9d76c0d38, ��, N, 200, ��������Ч</td>
<td></td>
<td>0</td>
<td>main.testcase.activeThecode@4fa3c06e</td></tr>
<tr>
<td title='main.testcase.ReverseScan.getGatheringCode.getAuthCode_code()'><b>getAuthCode_code</b><br>Test class: main.testcase.ReverseScan.getGatheringCode<br>Parameters: 111, Y, 200</td>
<td></td>
<td>0</td>
<td>main.testcase.getGatheringCode@94f025b</td></tr>
<tr>
<td title='main.testcase.ReverseScan.getGatheringCode.getAuthCode_code()'><b>getAuthCode_code</b><br>Test class: main.testcase.ReverseScan.getGatheringCode<br>Parameters: 1, Y, 200</td>
<td></td>
<td>0</td>
<td>main.testcase.getGatheringCode@94f025b</td></tr>
<tr>
<td title='main.testcase.ReverseScan.isActiveCode.iac()'><b>iac</b><br>Test class: main.testcase.ReverseScan.isActiveCode<br>Parameters: 11c8f677-9fe0-4fc8-b895-76e4b86e5dd9, 1, Y, 200</td>
<td></td>
<td>0</td>
<td>main.testcase.isActiveCode@2223a923</td></tr>
<tr>
<td title='main.testcase.ReverseScan.isActiveCode.iac()'><b>iac</b><br>Test class: main.testcase.ReverseScan.isActiveCode<br>Parameters: 222, 0, N, 403</td>
<td></td>
<td>0</td>
<td>main.testcase.isActiveCode@2223a923</td></tr>
<tr>
<td title='main.testcase.ReverseScan.isActiveCode.iac()'><b>iac</b><br>Test class: main.testcase.ReverseScan.isActiveCode<br>Parameters: 11c8f677-9fe0-4fc8-b895-76e4, 1, N, 403</td>
<td></td>
<td>0</td>
<td>main.testcase.isActiveCode@2223a923</td></tr>
<tr>
<td title='main.testcase.ReverseScan.isActiveCode.iac()'><b>iac</b><br>Test class: main.testcase.ReverseScan.isActiveCode<br>Parameters: 11c8f677-9fe0-4fc8-b895-76e4b86e5123, 1, N, 403</td>
<td></td>
<td>0</td>
<td>main.testcase.isActiveCode@2223a923</td></tr>
<tr>
<td title='main.testcase.ReverseScan.isActiveCode.iac()'><b>iac</b><br>Test class: main.testcase.ReverseScan.isActiveCode<br>Parameters: 11c8f677-9fe0-4fc8-b895-76e4b86e5dd9321321, 1, N, 403</td>
<td></td>
<td>0</td>
<td>main.testcase.isActiveCode@2223a923</td></tr>
</table><p>
</body>
</html>